<?xml version="1.0" encoding="utf-8"?><testsuites name="pytest tests"><testsuite name="pytest" errors="0" failures="0" skipped="0" tests="48" time="41.874" timestamp="2026-07-08T20:46:17.924784+00:00" hostname="agent-env-135063d7-8f32-4e3e-9939-d53345d5e8fe"><testcase classname="tests.benchmark_test.TestBenchmarkArtefacts" name="test_png_chart_returns_png[chart_latency_boxplot.png]" time="3.569" /><testcase classname="tests.benchmark_test.TestBenchmarkRun" name="test_status_and_top_level_fields" time="3.545" /><testcase classname="tests.benchmark_test.TestBenchmarkRun" name="test_summary_has_four_engines" time="0.000" /><testcase classname="tests.benchmark_test.TestBenchmarkRun" name="test_engine_summary_has_all_required_fields[DecisionTree]" time="0.000" /><testcase classname="tests.benchmark_test.TestBenchmarkRun" name="test_engine_summary_has_all_required_fields[QLearning]" time="0.001" /><testcase classname="tests.benchmark_test.TestBenchmarkRun" name="test_engine_summary_has_all_required_fields[RandomForest]" time="0.000" /><testcase classname="tests.benchmark_test.TestBenchmarkRun" name="test_engine_summary_has_all_required_fields[RuleBased]" time="0.000" /><testcase classname="tests.benchmark_test.TestBenchmarkRun" name="test_rule_agreement_is_one" time="0.000" /><testcase classname="tests.benchmark_test.TestBenchmarkRun" name="test_decision_tree_agreement_high" time="0.000" /><testcase classname="tests.benchmark_test.TestBenchmarkRun" name="test_qlearning_agreement_can_vary" time="0.000" /><testcase classname="tests.backend_test.TestLegacyEndpoints" name="test_devices" time="0.162" /><testcase classname="tests.benchmark_test.TestBenchmarkArtefacts" name="test_png_chart_returns_png[chart_decision_time.png]" time="0.151" /><testcase classname="tests.backend_test.TestLegacyEndpoints" name="test_models" time="0.132" /><testcase classname="tests.benchmark_test.TestBenchmarkArtefacts" name="test_png_chart_returns_png[chart_cost.png]" time="0.133" /><testcase classname="tests.backend_test.TestLegacyEndpoints" name="test_deployments_list" time="0.052" /><testcase classname="tests.benchmark_test.TestBenchmarkArtefacts" name="test_png_chart_returns_png[chart_route_distribution.png]" time="0.048" /><testcase classname="tests.backend_test.TestLegacyEndpoints" name="test_metrics_summary" time="0.094" /><testcase classname="tests.benchmark_test.TestBenchmarkArtefacts" name="test_png_chart_returns_png[chart_reward.png]" time="0.055" /><testcase classname="tests.benchmark_test.TestBenchmarkArtefacts" name="test_csv_artefact" time="0.051" /><testcase classname="tests.backend_test.TestLegacyEndpoints" name="test_inferences_ingest" time="0.092" /><testcase classname="tests.benchmark_test.TestBenchmarkArtefacts" name="test_json_summary_artefact" time="0.056" /><testcase classname="tests.benchmark_test.TestBenchmarkArtefacts" name="test_malicious_artefact_returns_404" time="0.057" /><testcase classname="tests.backend_test.TestRealInference" name="test_edge_real_inference" time="0.115" /><testcase classname="tests.benchmark_test.TestBenchmarkArtefacts" name="test_path_traversal_returns_404" time="0.077" /><testcase classname="tests.backend_test.TestRealInference" name="test_cloud_real_inference_respects_network_latency" time="0.210" /><testcase classname="tests.backend_test.TestRealInference" name="test_cloud_offline_fails_cleanly" time="3.373" /><testcase classname="tests.sprint1_test.TestReportPDF" name="test_report_returns_metadata" time="3.586" /><testcase classname="tests.backend_test.TestRealInference" name="test_hybrid_mode" time="0.113" /><testcase classname="tests.sprint1_test.TestReportPDF" name="test_pdf_file_exists_on_disk" time="0.001" /><testcase classname="tests.sprint1_test.TestReportPDF" name="test_pdf_artefact_endpoint_returns_pdf" time="0.397" /><testcase classname="tests.backend_test.TestDecisionStatus" name="test_status_has_four_engines_trained" time="0.119" /><testcase classname="tests.backend_test.TestDecisionStatus" name="test_qlearning_metrics_shape" time="0.134" /><testcase classname="tests.backend_test.TestQLearningTrain" name="test_qlearning_train_updates_metrics" time="0.205" /><testcase classname="tests.sprint1_test.TestReportPDF" name="test_non_allowlisted_artefact_returns_404" time="0.048" /><testcase classname="tests.backend_test.TestQLearningPredict" name="test_predict_ql_returns_valid_decision" time="0.161" /><testcase classname="tests.backend_test.TestQLearningTrain" name="test_qtable_endpoint" time="0.047" /><testcase classname="tests.backend_test.TestQLearningPredict" name="test_predict_ql_offline_routes_to_edge" time="0.050" /><testcase classname="tests.benchmark_test.TestBenchmarkLast" name="test_last_returns_previous_summary" time="0.043" /><testcase classname="tests.sprint1_test.TestScenarios" name="test_returns_exactly_eight_scenarios" time="0.046" /><testcase classname="tests.benchmark_test.TestBenchmarkLast" name="test_last_is_idempotent" time="0.084" /><testcase classname="tests.sprint1_test.TestScenarios" name="test_each_scenario_has_required_fields" time="0.088" /><testcase classname="tests.sprint1_test.TestBenchmarkNetworkFailure" name="test_network_failure_scenario_yields_low_success_and_edge_preference" time="1.799" /><testcase classname="tests.sprint1_test.TestExplainDecision" name="test_rf_returns_full_explanation" time="0.182" /><testcase classname="tests.sprint1_test.TestExplainDecision" name="test_rule_returns_factors_but_empty_top_features" time="1.568" /><testcase classname="tests.sprint1_test.TestBenchmarkNetworkFailure" name="test_scenario_id_persisted_in_meta" time="1.215" /><testcase classname="tests.sprint1_test.TestBenchmarkCI" name="test_ci_returns_per_engine_metrics_with_ci_fields" time="5.299" /><testcase classname="tests.sprint1_test.TestAssistant" name="test_ask_returns_english_answer_mentioning_all_four_policies" time="11.227" /><testcase classname="tests.sprint1_test.TestAssistant" name="test_session_id_reused_for_multi_turn" time="18.688" /></testsuite></testsuites>