<?xml version="1.0" encoding="utf-8"?><testsuites name="pytest tests"><testsuite name="pytest" errors="0" failures="1" skipped="0" tests="13" time="40.004" timestamp="2026-07-08T20:44:57.901514+00:00" hostname="agent-env-135063d7-8f32-4e3e-9939-d53345d5e8fe"><testcase classname="tests.sprint1_test.TestScenarios" name="test_returns_exactly_eight_scenarios" time="4.255" /><testcase classname="tests.sprint1_test.TestReportPDF" name="test_report_returns_metadata" time="4.252" /><testcase classname="tests.sprint1_test.TestScenarios" name="test_each_scenario_has_required_fields" time="0.148" /><testcase classname="tests.sprint1_test.TestReportPDF" name="test_pdf_file_exists_on_disk" time="0.000" /><testcase classname="tests.sprint1_test.TestReportPDF" name="test_pdf_artefact_endpoint_returns_pdf" time="0.197" /><testcase classname="tests.sprint1_test.TestBenchmarkNetworkFailure" name="test_network_failure_scenario_yields_low_success_and_edge_preference" time="1.664"><failure message="AssertionError: RuleBased success_rate=1.0 outside acceptable band&#10;assert 1.0 &lt;= 0.85">tests/sprint1_test.py:80: in test_network_failure_scenario_yields_low_success_and_edge_preference
    assert 0.30 &lt;= sr &lt;= 0.85, f"{eng} success_rate={sr} outside acceptable band"
E   AssertionError: RuleBased success_rate=1.0 outside acceptable band
E   assert 1.0 &lt;= 0.85</failure></testcase><testcase classname="tests.sprint1_test.TestReportPDF" name="test_non_allowlisted_artefact_returns_404" time="1.654" /><testcase classname="tests.sprint1_test.TestBenchmarkNetworkFailure" name="test_scenario_id_persisted_in_meta" time="1.092" /><testcase classname="tests.sprint1_test.TestExplainDecision" name="test_rf_returns_full_explanation" time="1.215" /><testcase classname="tests.sprint1_test.TestAssistant" name="test_ask_returns_english_answer_mentioning_all_four_policies" time="15.076" /><testcase classname="tests.sprint1_test.TestExplainDecision" name="test_rule_returns_factors_but_empty_top_features" time="3.308" /><testcase classname="tests.sprint1_test.TestBenchmarkCI" name="test_ci_returns_per_engine_metrics_with_ci_fields" time="4.341" /><testcase classname="tests.sprint1_test.TestAssistant" name="test_session_id_reused_for_multi_turn" time="17.243" /></testsuite></testsuites>